<?xml version="1.0" encoding="utf-8"?><testsuites name="pytest tests"><testsuite name="pytest" errors="0" failures="0" skipped="0" tests="3" time="0.724" timestamp="2026-06-02T17:06:55.149933+00:00" hostname="agent-env-35ac3648-88d7-4e0c-bbc9-0470b2bb285e"><testcase classname="backend.tests.test_waitlist_api.TestWaitlistAPI" name="test_health_root" time="0.246" /><testcase classname="backend.tests.test_waitlist_api.TestWaitlistAPI" name="test_waitlist_create_and_verify_via_get" time="0.151" /><testcase classname="backend.tests.test_waitlist_api.TestWaitlistAPI" name="test_duplicate_email_rejected_with_useful_error" time="0.199" /></testsuite></testsuites>